
Showing logs for build [32mmeta-tomszosz-simpler-master-pdmdb-7[0m stage [32mmeta-pipeline[0m and container [32mcredential-initializer[0m
{"level":"info","ts":1594759171.822221,"caller":"creds-init/main.go:44","msg":"Credentials initialized."}

Showing logs for build [32mmeta-tomszosz-simpler-master-pdmdb-7[0m stage [32mmeta-pipeline[0m and container [32mworking-dir-initializer[0m

Showing logs for build [32mmeta-tomszosz-simpler-master-pdmdb-7[0m stage [32mmeta-pipeline[0m and container [32mplace-tools[0m

Showing logs for build [32mmeta-tomszosz-simpler-master-pdmdb-7[0m stage [32mmeta-pipeline[0m and container [32mstep-git-source-meta-tomszosz-simpler-master-pdmdb-wqw6k[0m
{"level":"info","ts":1594759182.3118737,"caller":"git/git.go:105","msg":"Successfully cloned https://github.com/********/simpleR.git @ master in path /workspace/source"}
{"level":"warn","ts":1594759182.3121507,"caller":"git/git.go:152","msg":"Unexpected error: creating symlink: symlink /tekton/home/.ssh /root/.ssh: file exists"}
{"level":"info","ts":1594759182.408594,"caller":"git/git.go:133","msg":"Successfully initialized and updated submodules in path /workspace/source"}

Showing logs for build [32mmeta-tomszosz-simpler-master-pdmdb-7[0m stage [32mmeta-pipeline[0m and container [32mstep-setup-builder-home[0m

Showing logs for build [32mmeta-tomszosz-simpler-master-pdmdb-7[0m stage [32mmeta-pipeline[0m and container [32mstep-git-merge[0m
Using SHAs from PULL_REFS=master:
WARNING: no SHAs to merge, falling back to initial cloned commit

Showing logs for build [32mmeta-tomszosz-simpler-master-pdmdb-7[0m stage [32mmeta-pipeline[0m and container [32mstep-merge-pull-refs[0m
SKIP merge-pull-refs: Nothing to merge

Showing logs for build [32mmeta-tomszosz-simpler-master-pdmdb-7[0m stage [32mmeta-pipeline[0m and container [32mstep-create-effective-pipeline[0m
Effective pipeline written to jenkins-x-effective.yml

Showing logs for build [32mmeta-tomszosz-simpler-master-pdmdb-7[0m stage [32mmeta-pipeline[0m and container [32mstep-create-tekton-crds[0m
running command: echo "0.0.3 TODO "> VERSION

running command: echo " TODO tag version""
/bin/sh: -c: line 0: unexpected EOF while looking for matching `"'
/bin/sh: -c: line 1: syntax error: unexpected end of file
error: failed to set the version on release pipelines: failed to run '/bin/sh -c echo " TODO tag version""' command in directory '/workspace/source', output: ''
[31m
Pipeline failed on stage 'meta-pipeline' : container 'step-create-tekton-crds'. The execution of the pipeline has stopped.[0m
